#
# A fatal error has been detected by the Java Runtime Environment:
#
#  EXCEPTION_STACK_OVERFLOW (0xc00000fd) at pc=0x000000006e2d3897, pid=10268, tid=0x00000000000011f4
#
# JRE version: Java(TM) SE Runtime Environment (8.0_151-b12) (build 1.8.0_151-b12)
# Java VM: Java HotSpot(TM) 64-Bit Server VM (25.151-b12 mixed mode windows-amd64 compressed oops)
# Problematic frame:
# V  [jvm.dll+0x213897]
#
# Failed to write core dump. Minidumps are not enabled by default on client versions of Windows
#
# If you would like to submit a bug report, please visit:
#   http://bugreport.java.com/bugreport/crash.jsp
#

---------------  T H R E A D  ---------------

Current thread (0x000000001d0cf800):  JavaThread "Thread-1" [_thread_in_vm, id=4596, stack(0x0000000023cd0000,0x0000000023dd0000)]

siginfo: ExceptionCode=0xc00000fd, ExceptionInformation=0x0000000000000001 0x0000000023dca410 

Registers:
RAX=0x0000000023dca410, RBX=0x0000000000000006, RCX=0x0000000000005000, RDX=0x0000000000000006
RSP=0x0000000023dcf410, RBP=0x0000000000000000, RSI=0x0000000023dcf410, RDI=0x0000000000000006
R8 =0x0000000000000006, R9 =0x000000001c7a3c60, R10=0x0000000016eebaa8, R11=0x0000000023cda168
R12=0x000000001c7a3c60, R13=0x000000001d0cf800, R14=0x0000000023dcf4d8, R15=0x0000000016eebaa8
RIP=0x000000006e2d3897, EFLAGS=0x0000000000010202

Top of Stack: (sp=0x0000000023dcf410)
0x0000000023dcf410:   000000001b783710 00000001000069a0
0x0000000023dcf420:   000000001d0cf800 000000001c7a3c60
0x0000000023dcf430:   00000000ffffffff 000000006e2d47c7
0x0000000023dcf440:   0000000023dcf540 0000000016eebaa8
0x0000000023dcf450:   000000001d0cf800 000000006e180253
0x0000000023dcf460:   0000000023dcf4a0 000000001d0cf800
0x0000000023dcf470:   0000000023dcf530 000000001d0cf800
0x0000000023dcf480:   0000000016eebaa8 000000001d0cf800
0x0000000023dcf490:   0000000002973200 000000001d0cf800
0x0000000023dcf4a0:   0000000016eebaa8 000000001d0cf800
0x0000000023dcf4b0:   0000000016b2d4c0 000000001d0cf800
0x0000000023dcf4c0:   0000000000000001 0000000016eebaa8
0x0000000023dcf4d0:   000000001d0cf800 000000001a273700
0x0000000023dcf4e0:   000000001d0cf800 000000006e1819bd
0x0000000023dcf4f0:   0000000023dcf7f8 00000001000069a0
0x0000000023dcf500:   00000001000b02e8 0000000000000000 

Instructions: (pc=0x000000006e2d3897)
0x000000006e2d3877:   48 89 6c 24 30 33 ed 66 90 e8 2b 3b 08 00 ff c3
0x000000006e2d3887:   48 63 c8 48 8b c6 48 0f af cf 48 ff c7 48 2b c1
0x000000006e2d3897:   89 28 48 63 c3 48 3b 05 35 3e 59 00 7e db 48 8b
0x000000006e2d38a7:   6c 24 30 48 8b 5c 24 38 48 8b 74 24 40 48 83 c4 


Register to memory mapping:

RAX=0x0000000023dca410 is pointing into the stack for thread: 0x000000001d0cf800
RBX=0x0000000000000006 is an unknown value
RCX=0x0000000000005000 is an unknown value
RDX=0x0000000000000006 is an unknown value
RSP=0x0000000023dcf410 is pointing into the stack for thread: 0x000000001d0cf800
RBP=0x0000000000000000 is an unknown value
RSI=0x0000000023dcf410 is pointing into the stack for thread: 0x000000001d0cf800
RDI=0x0000000000000006 is an unknown value
R8 =0x0000000000000006 is an unknown value
R9 =0x000000001c7a3c60 is an unknown value
R10={method} {0x0000000016eebab0} 'run' '()V' in 'java/util/logging/LogManager$Cleaner'
R11=0x0000000023cda168 is pointing into the stack for thread: 0x000000001d0cf800
R12=0x000000001c7a3c60 is an unknown value
R13=0x000000001d0cf800 is a thread
R14=0x0000000023dcf4d8 is pointing into the stack for thread: 0x000000001d0cf800
R15={method} {0x0000000016eebab0} 'run' '()V' in 'java/util/logging/LogManager$Cleaner'


Stack: [0x0000000023cd0000,0x0000000023dd0000],  sp=0x0000000023dcf410,  free space=1021k
Native frames: (J=compiled Java code, j=interpreted, Vv=VM code, C=native code)


---------------  P R O C E S S  ---------------

Java Threads: ( => current thread )
=>0x000000001d0cf800 JavaThread "Thread-1" [_thread_in_vm, id=4596, stack(0x0000000023cd0000,0x0000000023dd0000)]
  0x000000001cdae800 JavaThread "JGit-WorkQueue" daemon [_thread_blocked, id=9968, stack(0x00000000208d0000,0x00000000209d0000)]
  0x000000001a276000 JavaThread "Okio Watchdog" daemon [_thread_blocked, id=5632, stack(0x000000001e430000,0x000000001e530000)]
  0x000000001c738800 JavaThread "OkHttp ConnectionPool" daemon [_thread_blocked, id=11000, stack(0x000000001dfd0000,0x000000001e0d0000)]
  0x00000000174fd800 JavaThread "Service Thread" daemon [_thread_blocked, id=4908, stack(0x00000000191f0000,0x00000000192f0000)]
  0x00000000174ad800 JavaThread "C1 CompilerThread2" daemon [_thread_blocked, id=6860, stack(0x0000000018cf0000,0x0000000018df0000)]
  0x00000000174a5000 JavaThread "C2 CompilerThread1" daemon [_thread_blocked, id=3376, stack(0x0000000018bf0000,0x0000000018cf0000)]
  0x00000000174a3000 JavaThread "C2 CompilerThread0" daemon [_thread_blocked, id=6964, stack(0x0000000018af0000,0x0000000018bf0000)]
  0x00000000174a1000 JavaThread "Attach Listener" daemon [_thread_blocked, id=4676, stack(0x00000000189f0000,0x0000000018af0000)]
  0x000000001749e800 JavaThread "Signal Dispatcher" daemon [_thread_blocked, id=6508, stack(0x00000000188f0000,0x00000000189f0000)]
  0x000000001748a800 JavaThread "Finalizer" daemon [_thread_blocked, id=7568, stack(0x00000000186f0000,0x00000000187f0000)]
  0x0000000002952000 JavaThread "Reference Handler" daemon [_thread_blocked, id=7172, stack(0x00000000185f0000,0x00000000186f0000)]
  0x000000000274e800 JavaThread "main" [_thread_blocked, id=7248, stack(0x0000000002760000,0x0000000002860000)]

Other Threads:
  0x0000000017469000 VMThread [stack: 0x00000000184f0000,0x00000000185f0000] [id=5316]
  0x0000000018e59000 WatcherThread [stack: 0x00000000193f0000,0x00000000194f0000] [id=7728]

VM state:not at safepoint (normal execution)

VM Mutex/Monitor currently owned by a thread: None

Heap:
 PSYoungGen      total 284672K, used 198141K [0x00000000d5e00000, 0x00000000ecf00000, 0x0000000100000000)
  eden space 258560K, 71% used [0x00000000d5e00000,0x00000000e11bb268,0x00000000e5a80000)
  from space 26112K, 53% used [0x00000000e5a80000,0x00000000e6844560,0x00000000e7400000)
  to   space 25088K, 0% used [0x00000000eb680000,0x00000000eb680000,0x00000000ecf00000)
 ParOldGen       total 103424K, used 42665K [0x0000000081a00000, 0x0000000087f00000, 0x00000000d5e00000)
  object space 103424K, 41% used [0x0000000081a00000,0x00000000843aa540,0x0000000087f00000)
 Metaspace       used 34207K, capacity 35016K, committed 35200K, reserved 1081344K
  class space    used 4012K, capacity 4212K, committed 4224K, reserved 1048576K

Card table byte_map: [0x0000000011d20000,0x0000000012120000] byte_map_base: 0x0000000011913000

Marking Bits: (ParMarkBitMap*) 0x000000006e8dd850
 Begin Bits: [0x00000000127d0000, 0x0000000014768000)
 End Bits:   [0x0000000014768000, 0x0000000016700000)

Polling page: 0x0000000000dd0000

CodeCache: size=245760Kb used=16586Kb max_used=17402Kb free=229173Kb
 bounds [0x0000000002960000, 0x0000000003a80000, 0x0000000011960000]
 total_blobs=5094 nmethods=4624 adapters=381
 compilation: enabled

Compilation events (10 events):
Event: 83.374 Thread 0x00000000174ad800 5473       1       org.eclipse.sisu.inject.MildValues$Weak::key (5 bytes)
Event: 83.374 Thread 0x00000000174ad800 nmethod 5473 0x0000000002c0f9d0 code [0x0000000002c0fb20, 0x0000000002c0fc30]
Event: 83.534 Thread 0x00000000174ad800 5474       3       org.eclipse.sisu.inject.RankedSequence::removeThis (43 bytes)
Event: 83.536 Thread 0x00000000174ad800 nmethod 5474 0x0000000002c75f10 code [0x0000000002c760c0, 0x0000000002c76868]
Event: 83.537 Thread 0x00000000174a3000 5475       4       java.util.ArrayDeque::poll (5 bytes)
Event: 83.540 Thread 0x00000000174a3000 nmethod 5475 0x0000000002a83f10 code [0x0000000002a84040, 0x0000000002a840f8]
Event: 83.542 Thread 0x00000000174ad800 5476       3       java.util.concurrent.ConcurrentHashMap$Traverser::advance (188 bytes)
Event: 83.544 Thread 0x00000000174ad800 nmethod 5476 0x0000000003340250 code [0x0000000003340440, 0x00000000033410b8]
Event: 83.544 Thread 0x00000000174ad800 5477       3       org.eclipse.sisu.inject.MildValues$ValueItr::hasNext (52 bytes)
Event: 83.546 Thread 0x00000000174ad800 nmethod 5477 0x0000000002aed150 code [0x0000000002aed300, 0x0000000002aed8e8]

GC Heap History (10 events):
Event: 15.415 GC heap before
{Heap before GC invocations=6 (full 0):
 PSYoungGen      total 71680K, used 71664K [0x00000000d5e00000, 0x00000000dfb00000, 0x0000000100000000)
  eden space 66560K, 100% used [0x00000000d5e00000,0x00000000d9f00000,0x00000000d9f00000)
  from space 5120K, 99% used [0x00000000d9f00000,0x00000000da3fc010,0x00000000da400000)
  to   space 13824K, 0% used [0x00000000ded80000,0x00000000ded80000,0x00000000dfb00000)
 ParOldGen       total 87552K, used 16282K [0x0000000081a00000, 0x0000000086f80000, 0x00000000d5e00000)
  object space 87552K, 18% used [0x0000000081a00000,0x00000000829e6a80,0x0000000086f80000)
 Metaspace       used 15848K, capacity 16164K, committed 16384K, reserved 1062912K
  class space    used 1866K, capacity 1952K, committed 2048K, reserved 1048576K
Event: 15.490 GC heap after
Heap after GC invocations=6 (full 0):
 PSYoungGen      total 145920K, used 11712K [0x00000000d5e00000, 0x00000000dfd00000, 0x0000000100000000)
  eden space 132096K, 0% used [0x00000000d5e00000,0x00000000d5e00000,0x00000000ddf00000)
  from space 13824K, 84% used [0x00000000ded80000,0x00000000df8f0020,0x00000000dfb00000)
  to   space 14848K, 0% used [0x00000000ddf00000,0x00000000ddf00000,0x00000000ded80000)
 ParOldGen       total 87552K, used 16290K [0x0000000081a00000, 0x0000000086f80000, 0x00000000d5e00000)
  object space 87552K, 18% used [0x0000000081a00000,0x00000000829e8a80,0x0000000086f80000)
 Metaspace       used 15848K, capacity 16164K, committed 16384K, reserved 1062912K
  class space    used 1866K, capacity 1952K, committed 2048K, reserved 1048576K
}
Event: 46.652 GC heap before
{Heap before GC invocations=7 (full 0):
 PSYoungGen      total 145920K, used 143808K [0x00000000d5e00000, 0x00000000dfd00000, 0x0000000100000000)
  eden space 132096K, 100% used [0x00000000d5e00000,0x00000000ddf00000,0x00000000ddf00000)
  from space 13824K, 84% used [0x00000000ded80000,0x00000000df8f0020,0x00000000dfb00000)
  to   space 14848K, 0% used [0x00000000ddf00000,0x00000000ddf00000,0x00000000ded80000)
 ParOldGen       total 87552K, used 16290K [0x0000000081a00000, 0x0000000086f80000, 0x00000000d5e00000)
  object space 87552K, 18% used [0x0000000081a00000,0x00000000829e8a80,0x0000000086f80000)
 Metaspace       used 16992K, capacity 17390K, committed 17792K, reserved 1064960K
  class space    used 1967K, capacity 2059K, committed 2176K, reserved 1048576K
Event: 46.779 GC heap after
Heap after GC invocations=7 (full 0):
 PSYoungGen      total 146944K, used 14848K [0x00000000d5e00000, 0x00000000e8800000, 0x0000000100000000)
  eden space 132096K, 0% used [0x00000000d5e00000,0x00000000d5e00000,0x00000000ddf00000)
  from space 14848K, 100% used [0x00000000ddf00000,0x00000000ded80000,0x00000000ded80000)
  to   space 20480K, 0% used [0x00000000e7400000,0x00000000e7400000,0x00000000e8800000)
 ParOldGen       total 87552K, used 23109K [0x0000000081a00000, 0x0000000086f80000, 0x00000000d5e00000)
  object space 87552K, 26% used [0x0000000081a00000,0x0000000083091670,0x0000000086f80000)
 Metaspace       used 16992K, capacity 17390K, committed 17792K, reserved 1064960K
  class space    used 1967K, capacity 2059K, committed 2176K, reserved 1048576K
}
Event: 52.985 GC heap before
{Heap before GC invocations=8 (full 0):
 PSYoungGen      total 146944K, used 107637K [0x00000000d5e00000, 0x00000000e8800000, 0x0000000100000000)
  eden space 132096K, 70% used [0x00000000d5e00000,0x00000000db89d4d0,0x00000000ddf00000)
  from space 14848K, 100% used [0x00000000ddf00000,0x00000000ded80000,0x00000000ded80000)
  to   space 20480K, 0% used [0x00000000e7400000,0x00000000e7400000,0x00000000e8800000)
 ParOldGen       total 87552K, used 23109K [0x0000000081a00000, 0x0000000086f80000, 0x00000000d5e00000)
  object space 87552K, 26% used [0x0000000081a00000,0x0000000083091670,0x0000000086f80000)
 Metaspace       used 20661K, capacity 21124K, committed 21248K, reserved 1069056K
  class space    used 2372K, capacity 2494K, committed 2560K, reserved 1048576K
Event: 53.150 GC heap after
Heap after GC invocations=8 (full 0):
 PSYoungGen      total 279040K, used 20450K [0x00000000d5e00000, 0x00000000e9300000, 0x0000000100000000)
  eden space 258560K, 0% used [0x00000000d5e00000,0x00000000d5e00000,0x00000000e5a80000)
  from space 20480K, 99% used [0x00000000e7400000,0x00000000e87f8a10,0x00000000e8800000)
  to   space 26112K, 0% used [0x00000000e5a80000,0x00000000e5a80000,0x00000000e7400000)
 ParOldGen       total 87552K, used 29302K [0x0000000081a00000, 0x0000000086f80000, 0x00000000d5e00000)
  object space 87552K, 33% used [0x0000000081a00000,0x000000008369daa8,0x0000000086f80000)
 Metaspace       used 20661K, capacity 21124K, committed 21248K, reserved 1069056K
  class space    used 2372K, capacity 2494K, committed 2560K, reserved 1048576K
}
Event: 53.150 GC heap before
{Heap before GC invocations=9 (full 1):
 PSYoungGen      total 279040K, used 20450K [0x00000000d5e00000, 0x00000000e9300000, 0x0000000100000000)
  eden space 258560K, 0% used [0x00000000d5e00000,0x00000000d5e00000,0x00000000e5a80000)
  from space 20480K, 99% used [0x00000000e7400000,0x00000000e87f8a10,0x00000000e8800000)
  to   space 26112K, 0% used [0x00000000e5a80000,0x00000000e5a80000,0x00000000e7400000)
 ParOldGen       total 87552K, used 29302K [0x0000000081a00000, 0x0000000086f80000, 0x00000000d5e00000)
  object space 87552K, 33% used [0x0000000081a00000,0x000000008369daa8,0x0000000086f80000)
 Metaspace       used 20661K, capacity 21124K, committed 21248K, reserved 1069056K
  class space    used 2372K, capacity 2494K, committed 2560K, reserved 1048576K
Event: 53.992 GC heap after
Heap after GC invocations=9 (full 1):
 PSYoungGen      total 279040K, used 0K [0x00000000d5e00000, 0x00000000e9300000, 0x0000000100000000)
  eden space 258560K, 0% used [0x00000000d5e00000,0x00000000d5e00000,0x00000000e5a80000)
  from space 20480K, 0% used [0x00000000e7400000,0x00000000e7400000,0x00000000e8800000)
  to   space 26112K, 0% used [0x00000000e5a80000,0x00000000e5a80000,0x00000000e7400000)
 ParOldGen       total 103424K, used 42649K [0x0000000081a00000, 0x0000000087f00000, 0x00000000d5e00000)
  object space 103424K, 41% used [0x0000000081a00000,0x00000000843a6540,0x0000000087f00000)
 Metaspace       used 20661K, capacity 21124K, committed 21248K, reserved 1069056K
  class space    used 2372K, capacity 2494K, committed 2560K, reserved 1048576K
}
Event: 66.431 GC heap before
{Heap before GC invocations=10 (full 1):
 PSYoungGen      total 279040K, used 258560K [0x00000000d5e00000, 0x00000000e9300000, 0x0000000100000000)
  eden space 258560K, 100% used [0x00000000d5e00000,0x00000000e5a80000,0x00000000e5a80000)
  from space 20480K, 0% used [0x00000000e7400000,0x00000000e7400000,0x00000000e8800000)
  to   space 26112K, 0% used [0x00000000e5a80000,0x00000000e5a80000,0x00000000e7400000)
 ParOldGen       total 103424K, used 42649K [0x0000000081a00000, 0x0000000087f00000, 0x00000000d5e00000)
  object space 103424K, 41% used [0x0000000081a00000,0x00000000843a6540,0x0000000087f00000)
 Metaspace       used 32539K, capacity 33104K, committed 33536K, reserved 1079296K
  class space    used 3801K, capacity 3996K, committed 4096K, reserved 1048576K
Event: 66.498 GC heap after
Heap after GC invocations=10 (full 1):
 PSYoungGen      total 284672K, used 14097K [0x00000000d5e00000, 0x00000000ecf00000, 0x0000000100000000)
  eden space 258560K, 0% used [0x00000000d5e00000,0x00000000d5e00000,0x00000000e5a80000)
  from space 26112K, 53% used [0x00000000e5a80000,0x00000000e6844560,0x00000000e7400000)
  to   space 25088K, 0% used [0x00000000eb680000,0x00000000eb680000,0x00000000ecf00000)
 ParOldGen       total 103424K, used 42665K [0x0000000081a00000, 0x0000000087f00000, 0x00000000d5e00000)
  object space 103424K, 41% used [0x0000000081a00000,0x00000000843aa540,0x0000000087f00000)
 Metaspace       used 32539K, capacity 33104K, committed 33536K, reserved 1079296K
  class space    used 3801K, capacity 3996K, committed 4096K, reserved 1048576K
}

Deoptimization events (10 events):
Event: 71.156 Thread 0x000000000274e800 Uncommon trap: reason=unstable_if action=reinterpret pc=0x0000000002ff6344 method=java.io.WinNTFileSystem.isLetter(C)Z @ 15
Event: 81.454 Thread 0x000000000274e800 Uncommon trap: reason=class_check action=maybe_recompile pc=0x000000000362dff0 method=java.util.zip.InflaterInputStream.read([BII)I @ 100
Event: 81.652 Thread 0x000000001cdae800 Uncommon trap: reason=class_check action=maybe_recompile pc=0x000000000362777c method=java.util.concurrent.locks.AbstractQueuedSynchronizer.release(I)Z @ 2
Event: 81.660 Thread 0x000000001cdae800 Uncommon trap: reason=unstable_if action=reinterpret pc=0x00000000036277a8 method=java.util.concurrent.locks.AbstractQueuedSynchronizer.release(I)Z @ 14
Event: 81.664 Thread 0x000000000274e800 Uncommon trap: reason=unstable_if action=reinterpret pc=0x0000000002cb6a14 method=java.io.WinNTFileSystem.parentOrNull(Ljava/lang/String;)Ljava/lang/String; @ 76
Event: 81.944 Thread 0x000000000274e800 Uncommon trap: reason=class_check action=maybe_recompile pc=0x000000000362dff0 method=java.util.zip.InflaterInputStream.read([BII)I @ 100
Event: 81.986 Thread 0x000000000274e800 Uncommon trap: reason=unstable_if action=reinterpret pc=0x00000000033349f0 method=org.codehaus.plexus.classworlds.realm.Entry.matches(Ljava/lang/String;)Z @ 33
Event: 82.469 Thread 0x000000000274e800 Uncommon trap: reason=class_check action=maybe_recompile pc=0x000000000362dff0 method=java.util.zip.InflaterInputStream.read([BII)I @ 100
Event: 82.985 Thread 0x000000000274e800 Uncommon trap: reason=class_check action=maybe_recompile pc=0x000000000362dff0 method=java.util.zip.InflaterInputStream.read([BII)I @ 100
Event: 83.533 Thread 0x000000000274e800 Uncommon trap: reason=unstable_if action=reinterpret pc=0x000000000319bee4 method=java.util.concurrent.ConcurrentHashMap.replaceNode(Ljava/lang/Object;Ljava/lang/Object;Ljava/lang/Object;)Ljava/lang/Object; @ 136

Internal exceptions (10 events):
Event: 83.176 Thread 0x000000000274e800 Exception <a 'java/security/PrivilegedActionException'> (0x00000000e0a8fbc0) thrown at [C:\re\workspace\8-2-build-windows-amd64-cygwin\jdk8u151\9699\hotspot\src\share\vm\prims\jvm.cpp, line 1390]
Event: 83.176 Thread 0x000000000274e800 Exception <a 'java/security/PrivilegedActionException'> (0x00000000e0a8ffb8) thrown at [C:\re\workspace\8-2-build-windows-amd64-cygwin\jdk8u151\9699\hotspot\src\share\vm\prims\jvm.cpp, line 1390]
Event: 83.177 Thread 0x000000000274e800 Exception <a 'java/security/PrivilegedActionException'> (0x00000000e0acd1f0) thrown at [C:\re\workspace\8-2-build-windows-amd64-cygwin\jdk8u151\9699\hotspot\src\share\vm\prims\jvm.cpp, line 1390]
Event: 83.177 Thread 0x000000000274e800 Exception <a 'java/security/PrivilegedActionException'> (0x00000000e0acd5e8) thrown at [C:\re\workspace\8-2-build-windows-amd64-cygwin\jdk8u151\9699\hotspot\src\share\vm\prims\jvm.cpp, line 1390]
Event: 83.238 Thread 0x000000000274e800 Exception <a 'java/security/PrivilegedActionException'> (0x00000000e0d072f0) thrown at [C:\re\workspace\8-2-build-windows-amd64-cygwin\jdk8u151\9699\hotspot\src\share\vm\prims\jvm.cpp, line 1390]
Event: 83.238 Thread 0x000000000274e800 Exception <a 'java/security/PrivilegedActionException'> (0x00000000e0d076e8) thrown at [C:\re\workspace\8-2-build-windows-amd64-cygwin\jdk8u151\9699\hotspot\src\share\vm\prims\jvm.cpp, line 1390]
Event: 83.239 Thread 0x000000000274e800 Exception <a 'java/security/PrivilegedActionException'> (0x00000000e0d44920) thrown at [C:\re\workspace\8-2-build-windows-amd64-cygwin\jdk8u151\9699\hotspot\src\share\vm\prims\jvm.cpp, line 1390]
Event: 83.239 Thread 0x000000000274e800 Exception <a 'java/security/PrivilegedActionException'> (0x00000000e0d44d18) thrown at [C:\re\workspace\8-2-build-windows-amd64-cygwin\jdk8u151\9699\hotspot\src\share\vm\prims\jvm.cpp, line 1390]
Event: 83.289 Thread 0x000000000274e800 Exception <a 'java/lang/OutOfMemoryError'> (0x00000000e0ee6a88) thrown at [C:\re\workspace\8-2-build-windows-amd64-cygwin\jdk8u151\9699\hotspot\src\share\vm\prims\jni.cpp, line 735]
Event: 83.289 Thread 0x000000000274e800 Exception <a 'java/lang/OutOfMemoryError'> (0x00000000e0ee6a88) thrown at [C:\re\workspace\8-2-build-windows-amd64-cygwin\jdk8u151\9699\hotspot\src\share\vm\prims\jvm.cpp, line 1394]

Events (10 events):
Event: 83.533 Executing VM operation: RevokeBias done
Event: 83.533 Thread 0x000000000274e800 DEOPT PACKING pc=0x000000000319bee4 sp=0x000000000285e620
Event: 83.533 Thread 0x000000000274e800 DEOPT UNPACKING pc=0x00000000029a582a sp=0x000000000285e5b0 mode 2
Event: 83.539 Executing VM operation: RevokeBias
Event: 83.540 Executing VM operation: RevokeBias done
Event: 83.540 loading class org/eclipse/sisu/inject/MildElements$Itr
Event: 83.540 loading class org/eclipse/sisu/inject/MildElements$Itr done
Event: 83.546 Thread 0x00000000191cd000 Thread added: 0x00000000191cd000
Event: 83.546 Thread 0x000000001d0cf800 Thread added: 0x000000001d0cf800
Event: 83.546 Thread 0x00000000191cd000 Thread exited: 0x00000000191cd000


Dynamic libraries:
0x00007ff63f050000 - 0x00007ff63f087000 	C:\Program Files\Java\jdk1.8.0_151\bin\java.exe
0x00007ffa583e0000 - 0x00007ffa5858d000 	C:\Windows\SYSTEM32\ntdll.dll
0x00007ffa56910000 - 0x00007ffa56a4e000 	C:\Windows\system32\KERNEL32.DLL
0x00007ffa55910000 - 0x00007ffa55a26000 	C:\Windows\system32\KERNELBASE.dll
0x00007ffa540c0000 - 0x00007ffa5414e000 	C:\Windows\system32\apphelp.dll
0x00007ffa298d0000 - 0x00007ffa29924000 	C:\Windows\AppPatch\AppPatch64\AcGenral.DLL
0x00007ffa55bc0000 - 0x00007ffa55c6a000 	C:\Windows\system32\msvcrt.dll
0x00007ffa55a30000 - 0x00007ffa55a5e000 	C:\Windows\system32\SspiCli.dll
0x00007ffa56010000 - 0x00007ffa56064000 	C:\Windows\system32\SHLWAPI.dll
0x00007ffa56730000 - 0x00007ffa568a7000 	C:\Windows\system32\USER32.dll
0x00007ffa56300000 - 0x00007ffa56494000 	C:\Windows\system32\ole32.dll
0x00007ffa56eb0000 - 0x00007ffa583db000 	C:\Windows\system32\SHELL32.dll
0x00007ffa54b00000 - 0x00007ffa54b21000 	C:\Windows\SYSTEM32\USERENV.dll
0x00007ffa55ef0000 - 0x00007ffa55f9a000 	C:\Windows\system32\ADVAPI32.dll
0x00007ffa437b0000 - 0x00007ffa437ce000 	C:\Windows\SYSTEM32\MPR.dll
0x00007ffa56a50000 - 0x00007ffa56b90000 	C:\Windows\system32\RPCRT4.dll
0x00007ffa56070000 - 0x00007ffa560c9000 	C:\Windows\SYSTEM32\sechost.dll
0x00007ffa560d0000 - 0x00007ffa562e2000 	C:\Windows\SYSTEM32\combase.dll
0x00007ffa56d60000 - 0x00007ffa56eac000 	C:\Windows\system32\GDI32.dll
0x00007ffa55500000 - 0x00007ffa55515000 	C:\Windows\SYSTEM32\profapi.dll
0x00007ffa53d50000 - 0x00007ffa53e02000 	C:\Windows\SYSTEM32\SHCORE.dll
0x00007ffa56c50000 - 0x00007ffa56c86000 	C:\Windows\system32\IMM32.DLL
0x00007ffa55a60000 - 0x00007ffa55bb1000 	C:\Windows\system32\MSCTF.dll
0x00007ffa536d0000 - 0x00007ffa5394b000 	C:\Windows\WinSxS\amd64_microsoft.windows.common-controls_6595b64144ccf1df_6.0.9600.18006_none_623f33d3ecbe86e8\COMCTL32.dll
0x000000006e960000 - 0x000000006ea32000 	C:\Program Files\Java\jdk1.8.0_151\jre\bin\msvcr100.dll
0x000000006e0c0000 - 0x000000006e95d000 	C:\Program Files\Java\jdk1.8.0_151\jre\bin\server\jvm.dll
0x00007ffa4e5f0000 - 0x00007ffa4e5f9000 	C:\Windows\SYSTEM32\WSOCK32.dll
0x00007ffa41af0000 - 0x00007ffa41b12000 	C:\Windows\SYSTEM32\WINMM.dll
0x00007ffa4d820000 - 0x00007ffa4d82a000 	C:\Windows\SYSTEM32\VERSION.dll
0x00007ffa56d50000 - 0x00007ffa56d57000 	C:\Windows\system32\PSAPI.DLL
0x00007ffa55e90000 - 0x00007ffa55eea000 	C:\Windows\system32\WS2_32.dll
0x00007ffa41a80000 - 0x00007ffa41aaa000 	C:\Windows\SYSTEM32\WINMMBASE.dll
0x00007ffa55c70000 - 0x00007ffa55c79000 	C:\Windows\system32\NSI.dll
0x00007ffa558c0000 - 0x00007ffa5590f000 	C:\Windows\SYSTEM32\cfgmgr32.dll
0x00007ffa54310000 - 0x00007ffa54338000 	C:\Windows\SYSTEM32\DEVOBJ.dll
0x000000006e0b0000 - 0x000000006e0bf000 	C:\Program Files\Java\jdk1.8.0_151\jre\bin\verify.dll
0x000000006e080000 - 0x000000006e0a9000 	C:\Program Files\Java\jdk1.8.0_151\jre\bin\java.dll
0x000000006e060000 - 0x000000006e076000 	C:\Program Files\Java\jdk1.8.0_151\jre\bin\zip.dll
0x00007ffa53130000 - 0x00007ffa5313a000 	C:\Users\fredvegi\Documents\apache-maven-3.5.3-bin\maven\lib\jansi-native\windows64\jansi.dll
0x000000006e040000 - 0x000000006e05a000 	C:\Program Files\Java\jdk1.8.0_151\jre\bin\net.dll
0x00007ffa54dc0000 - 0x00007ffa54e19000 	C:\Windows\system32\mswsock.dll
0x000000006e020000 - 0x000000006e031000 	C:\Program Files\Java\jdk1.8.0_151\jre\bin\nio.dll
0x000000006dff0000 - 0x000000006e014000 	C:\Program Files\Java\jdk1.8.0_151\jre\bin\sunec.dll
0x00007ffa503f0000 - 0x00007ffa5041a000 	C:\Windows\SYSTEM32\IPHLPAPI.DLL
0x00007ffa503c0000 - 0x00007ffa503ca000 	C:\Windows\SYSTEM32\WINNSI.DLL
0x00007ffa4f480000 - 0x00007ffa4f496000 	C:\Windows\SYSTEM32\dhcpcsvc6.DLL
0x00007ffa4f460000 - 0x00007ffa4f47a000 	C:\Windows\SYSTEM32\dhcpcsvc.DLL
0x00007ffa54e20000 - 0x00007ffa54e40000 	C:\Windows\SYSTEM32\CRYPTSP.dll
0x00007ffa549f0000 - 0x00007ffa54a26000 	C:\Windows\system32\rsaenh.dll
0x00007ffa550b0000 - 0x00007ffa550d6000 	C:\Windows\SYSTEM32\bcrypt.dll
0x00007ffa553d0000 - 0x00007ffa55433000 	C:\Windows\system32\bcryptprimitives.dll
0x00007ffa55440000 - 0x00007ffa5544b000 	C:\Windows\SYSTEM32\CRYPTBASE.dll
0x00007ffa54bc0000 - 0x00007ffa54c64000 	C:\Windows\SYSTEM32\DNSAPI.dll
0x0000000072e50000 - 0x0000000072e76000 	C:\Program Files\Bonjour\mdnsNSP.dll
0x00007ffa48620000 - 0x00007ffa4862a000 	C:\Windows\System32\rasadhlp.dll
0x00007ffa4f150000 - 0x00007ffa4f1bb000 	C:\Windows\System32\fwpuclnt.dll
0x000000006dfe0000 - 0x000000006dfeb000 	C:\Program Files\Java\jdk1.8.0_151\jre\bin\sunmscapi.dll
0x00007ffa556e0000 - 0x00007ffa558bf000 	C:\Windows\system32\CRYPT32.dll
0x00007ffa555b0000 - 0x00007ffa555c1000 	C:\Windows\system32\MSASN1.dll
0x00007ffa45e00000 - 0x00007ffa45f89000 	C:\Windows\SYSTEM32\dbghelp.dll

VM Arguments:
jvm_args: -Dclassworlds.conf=C:\Users\fredvegi\Documents\apache-maven-3.5.3-bin\maven\bin\..\bin\m2.conf -Dmaven.home=C:\Users\fredvegi\Documents\apache-maven-3.5.3-bin\maven\bin\.. -Dlibrary.jansi.path=C:\Users\fredvegi\Documents\apache-maven-3.5.3-bin\maven\bin\..\lib\jansi-native -Dmaven.multiModuleProjectDirectory=C:\Users\fvergara\Documents\CAMEL_CURSE\JDBS-CAMEL\service-crm 
java_command: org.codehaus.plexus.classworlds.launcher.Launcher fabric8:deploy
java_class_path (initial): C:\Users\fredvegi\Documents\apache-maven-3.5.3-bin\maven\bin\..\boot\plexus-classworlds-2.5.2.jar
Launcher Type: SUN_STANDARD

Environment Variables:
JAVA_HOME=C:\Program Files\Java\jdk1.8.0_151
PATH=C:\Program Files (x86)\Common Files\Oracle\Java\javapath;C:\ProgramData\Oracle\Java\javapath;C:\Windows\system32;C:\Windows;C:\Windows\System32\Wbem;C:\Windows\System32\WindowsPowerShell\v1.0\C:\Program Files\Java\jdk1.8.0_151\bin;C:\HashiCorp\Vagrant\bin;C:\Windows\System32\WindowsPowerShell\v1.0;C:\Program Files\Git\cmd;C:\Users\fredvegi\Documents\apache-maven-3.5.3-bin\maven\bin;C:\Users\fredvegi\Documents\minishift.exe;C:\Users\fvergara\Documents\minishift.exe;C:\Program Files (x86)\openshift;C:\Program Files\dotnet\;C:\Program Files\Microsoft SQL Server\130\Tools\Binn\
USERNAME=fvergara
OS=Windows_NT
PROCESSOR_IDENTIFIER=Intel64 Family 6 Model 60 Stepping 3, GenuineIntel



---------------  S Y S T E M  ---------------

OS: Windows 8.1 , 64 bit Build 9600 (6.3.9600.17415)

CPU:total 4 (initial active 4) (2 cores per cpu, 2 threads per core) family 6 model 60 stepping 3, cmov, cx8, fxsr, mmx, sse, sse2, sse3, ssse3, sse4.1, sse4.2, popcnt, avx, avx2, aes, clmul, erms, lzcnt, ht, tsc, tscinvbit, bmi1, bmi2

Memory: 4k page, physical 8276616k(954088k free), swap 11422344k(5048k free)

vm_info: Java HotSpot(TM) 64-Bit Server VM (25.151-b12) for windows-amd64 JRE (1.8.0_151-b12), built on Sep  5 2017 19:33:46 by "java_re" with MS VC++ 10.0 (VS2010)

time: Wed Oct 03 16:19:15 2018
elapsed time: 87 seconds (0d 0h 1m 27s)

